1719219800953	geckodriver	INFO	Listening on 127.0.0.1:51032
1719219804009	mozrunner::runner	INFO	Running command: "C:\\Program Files\\Mozilla Firefox\\firefox.exe" "--marionette" "--remote-debugging-port" "51033" "--remote-allow-hosts" "localhost" "-no-remote" "-profile" "C:\\Users\\SAMEER~1\\AppData\\Local\\Temp\\rust_mozprofilegMQXZ6"
console.warn: services.settings: Ignoring preference override of remote settings server
console.warn: services.settings: Allow by setting MOZ_REMOTE_SETTINGS_DEVTOOLS=1 in the environment
Dynamically enable window occlusion 0
1719219804467	Marionette	INFO	Marionette enabled
1719219804602	Marionette	INFO	Listening on port 51050
WebDriver BiDi listening on ws://127.0.0.1:51033
Read port: 51050
1719219804784	RemoteAgent	WARN	TLS certificate errors will be ignored for this session
DevTools listening on ws://127.0.0.1:51033/devtools/browser/5d4b44be-4d98-4d0c-8cc8-da2e2d735e91
console.warn: LoginRecipes: "Falling back to a synchronous message for: https://hcm41preview.sapsf.com."
1719219835950	addons.xpi	ERROR	System addon update list error SyntaxError: XMLHttpRequest.open: 'http://%(server)s/dummy-system-addons.xml' is not a valid URL.
JavaScript warning: https://hcm41preview.sapsf.com/verp/vmod_v1/ui/ajaxservice/js/engine_39685afe0d8a211affe849073ef54a77.js, line 1: Script terminated by timeout at:
dwr.engine._unloader@https://hcm41preview.sapsf.com/verp/vmod_v1/ui/ajaxservice/js/engine_39685afe0d8a211affe849073ef54a77.js:1:19586

1719220186281	Marionette	INFO	Stopped listening on port 51050
Dynamically enable window occlusion 1
1719223503635	geckodriver	INFO	Listening on 127.0.0.1:59918
1719229337493	geckodriver	INFO	Listening on 127.0.0.1:64154
1719229340553	mozrunner::runner	INFO	Running command: "C:\\Program Files\\Mozilla Firefox\\firefox.exe" "--marionette" "--remote-debugging-port" "64155" "--remote-allow-hosts" "localhost" "-no-remote" "-profile" "C:\\Users\\SAMEER~1\\AppData\\Local\\Temp\\rust_mozprofilebkUJ4B"
console.warn: services.settings: Ignoring preference override of remote settings server
console.warn: services.settings: Allow by setting MOZ_REMOTE_SETTINGS_DEVTOOLS=1 in the environment
Dynamically enable window occlusion 0
1719229341182	Marionette	INFO	Marionette enabled
1719229341335	Marionette	INFO	Listening on port 64175
WebDriver BiDi listening on ws://127.0.0.1:64155
Read port: 64175
1719229341581	RemoteAgent	WARN	TLS certificate errors will be ignored for this session
DevTools listening on ws://127.0.0.1:64155/devtools/browser/a138d7d3-d078-4b51-b596-9e3268073d50
console.warn: LoginRecipes: "Falling back to a synchronous message for: https://hcm41preview.sapsf.com."
JavaScript error: , line 0: TypeError: NetworkError when attempting to fetch resource.
JavaScript error: , line 0: TypeError: NetworkError when attempting to fetch resource.
JavaScript error: , line 0: TypeError: NetworkError when attempting to fetch resource.
JavaScript error: , line 0: TypeError: NetworkError when attempting to fetch resource.
JavaScript error: , line 0: TypeError: NetworkError when attempting to fetch resource.
JavaScript error: , line 0: uncaught exception: Object
1719229371261	addons.xpi	ERROR	System addon update list error SyntaxError: XMLHttpRequest.open: 'http://%(server)s/dummy-system-addons.xml' is not a valid URL.
JavaScript warning: https://hcm41preview.sapsf.com/verp/vmod_v1/ui/ajaxservice/js/engine_39685afe0d8a211affe849073ef54a77.js, line 1: Script terminated by timeout at:
dwr.engine._unloader@https://hcm41preview.sapsf.com/verp/vmod_v1/ui/ajaxservice/js/engine_39685afe0d8a211affe849073ef54a77.js:1:19586
Q.prototype.send@https://hcm41preview.sapsf.com/verp/vmod_v1/ui/perflog-lib/resources_1.0.21/perflog-lib.min.js:1:16647
t/construct/get/<@https://hcm41preview.sapsf.com/verp/vmod_v1/ui/sapui5-main/resources_1.120.5/resources/sap-ui-core-nojQuery.js:434:1909
n/<@https://hcm41preview.sapsf.com/verp/vmod_v1/ui/sapui5-main/resources_1.120.5/resources/sap-ui-core-nojQuery.js:270:2150
e@https://hcm41preview.sapsf.com/verp/vmod_v1/ui/sapui5-main/resources_1.120.5/resources/sap-ui-core-nojQuery.js:428:233
r@https://hcm41preview.sapsf.com/verp/vmod_v1/ui/sapui5-main/resources_1.120.5/resources/sap-ui-core-nojQuery.js:428:1093
n@https://hcm41preview.sapsf.com/verp/vmod_v1/ui/sapui5-main/resources_1.120.5/resources/sap-ui-core-nojQuery.js:270:895
t@https://hcm41preview.sapsf.com/verp/vmod_v1/ui/sapui5-main/resources_1.120.5/resources/sap-ui-core-nojQuery.js:305:173
i.loadResource@https://hcm41preview.sapsf.com/verp/vmod_v1/ui/sapui5-main/resources_1.120.5/resources/sap-ui-core-nojQuery.js:181:2360
g@https://hcm41preview.sapsf.com/verp/vmod_v1/ui/sfgrp/js/SURJStartup_f071ca025328eca44e1bbcac871ccd31.js:1:6552
b.prototype.initViewSettings@https://hcm41preview.sapsf.com/verp/vmod_v1/ui/sapui5-main/resources_1.120.5/resources/sap/ui/core/library-preload.js?eval:1141:6634
d.prototype._initCompositeSupport@https://hcm41preview.sapsf.com/verp/vmod_v1/ui/sapui5-main/resources_1.120.5/resources/sap/ui/core/library-preload.js?eval:1123:5852
constructor/<@https://hcm41preview.sapsf.com/verp/vmod_v1/ui/sapui5-main/resources_1.120.5/resources/sap-ui-core-nojQuery.js:398:2741
constructor@https://hcm41preview.sapsf.com/verp/vmod_v1/ui/sapui5-main/resources_1.120.5/resources/sap-ui-core-nojQuery.js:398:2861
constructor@https://hcm41preview.sapsf.com/verp/vmod_v1/ui/sapui5-main/resources_1.120.5/resources/sap-ui-core-nojQuery.js:482:1195
constructor@https://hcm41preview.sapsf.com/verp/vmod_v1/ui/sapui5-main/resources_1.120.5/resources/sap/ui/core/library-preload.js?eval:544:1081
c@https://hcm41preview.sapsf.com/verp/vmod_v1/ui/sapui5-main/resources_1.120.5/resources/sap-ui-core-nojQuery.js:416:4419
c@https://hcm41preview.sapsf.com/verp/vmod_v1/ui/sapui5-main/resources_1.120.5/resources/sap-ui-core-nojQuery.js:416:4419
I@https://hcm41preview.sapsf.com/verp/vmod_v1/ui/sapui5-main/resources_1.120.5/resources/sap/ui/core/library-preload.js?eval:1123:11828
b@https://hcm41preview.sapsf.com/verp/vmod_v1/ui/sapui5-main/resources_1.120.5/resources/sap/ui/core/library-preload.js?eval:1123:10971
ae/</t<@https://hcm41preview.sapsf.com/verp/vmod_v1/ui/sapui5-main/resources_1.120.5/resources/sap/ui/core/library-preload.js?eval:784:18588
y.runWithOwner@https://hcm41preview.sapsf.com/verp/vmod_v1/ui/sapui5-main/resources_1.120.5/resources/sap-ui-core-nojQuery.js:398:4722
k.prototype.runAsOwner@https://hcm41preview.sapsf.com/verp/vmod_v1/ui/sapui5-main/resources_1.120.5/resources/sap-ui-core-nojQuery.js:446:5141
m.prototype._initCompositeSupport/this.fnScopedRunWithOwner@https://hcm41preview.sapsf.com/verp/vmod_v1/ui/sapui5-main/resources_1.120.5/resources/sap/ui/core/library-preload.js?eval:574:1805
te@https://hcm41preview.sapsf.com/verp/vmod_v1/ui/sapui5-main/resources_1.120.5/resources/sap/ui/core/library-preload.js?eval:784:7686
ae/<@https://hcm41preview.sapsf.com/verp/vmod_v1/ui/sapui5-main/resources_1.120.5/resources/sap/ui/core/library-preload.js?eval:784:18565
r.prototype.then/<@https://hcm41preview.sapsf.com/verp/vmod_v1/ui/sapui5-main/resources_1.120.5/resources/sap-ui-core-nojQuery.js:428:1652
e@https://hcm41preview.sapsf.com/verp/vmod_v1/ui/sapui5-main/resources_1.120.5/resources/sap-ui-core-nojQuery.js:428:233
r@https://hcm41preview.sapsf.com/verp/vmod_v1/ui/sapui5-main/resources_1.120.5/resources/sap-ui-core-nojQuery.js:428:1093
r.prototype.then@https://hcm41preview.sapsf.com/verp/vmod_v1/ui/sapui5-main/resources_1.120.5/resources/sap-ui-core-nojQuery.js:428:1630
ae@https://hcm41preview.sapsf.com/verp/vmod_v1/ui/sapui5-main/resources_1.120.5/resources/sap/ui/core/library-preload.js?eval:784:17562
ie@https://hcm41preview.sapsf.com/verp/vmod_v1/ui/sapui5-main/resources_1.120.5/resources/sap/ui/core/library-preload.js?eval:784:11925
re@https://hcm41preview.sapsf.com/verp/vmod_v1/ui/sapui5-main/resources_1.120.5/resources/sap/ui/core/library-preload.js?eval:784:10746
Y@https://hcm41preview.sapsf.com/verp/vmod_v1/ui/sapui5-main/resources_1.120.5/resources/sap/ui/core/library-preload.js?eval:784:16425
n@https://hcm41preview.sapsf.com/verp/vmod_v1/ui/sapui5-main/resources_1.120.5/resources/sap/ui/core/library-preload.js?eval:784:1919
ae@https://hcm41preview.sapsf.com/verp/vmod_v1/ui/sapui5-main/resources_1.120.5/resources/sap/ui/core/library-preload.js?eval:784:17487
ie@https://hcm41preview.sapsf.com/verp/vmod_v1/ui/sapui5-main/resources_1.120.5/resources/sap/ui/core/library-preload.js?eval:784:11925
re@https://hcm41preview.sapsf.com/verp/vmod_v1/ui/sapui5-main/resources_1.120.5/resources/sap/ui/core/library-preload.js?eval:784:10746
ee/u<@https://hcm41preview.sapsf.com/verp/vmod_v1/ui/sapui5-main/resources_1.120.5/resources/sap/ui/core/library-preload.js?eval:784:7534
n@https://hcm41preview.sapsf.com/verp/vmod_v1/ui/sapui5-main/resources_1.120.5/resources/sap/ui/core/library-preload.js?eval:784:1919
ee/D<@https://hcm41preview.sapsf.com/verp/vmod_v1/ui/sapui5-main/resources_1.120.5/resources/sap/ui/core/library-preload.js?eval:784:7609
r.prototype.then/<@https://hcm41preview.sapsf.com/verp/vmod_v1/ui/sapui5-main/resources_1.120.5/resources/sap-ui-core-nojQuery.js:428:1652
e@https://hcm41preview.sapsf.com/verp/vmod_v1/ui/sapui5-main/resources_1.120.5/resources/sap-ui-core-nojQuery.js:428:233
r@https://hcm41preview.sapsf.com/verp/vmod_v1/ui/sapui5-main/resources_1.120.5/resources/sap-ui-core-nojQuery.js:428:1093
r.prototype.then@https://hcm41preview.sapsf.com/verp/vmod_v1/ui/sapui5-main/resources_1.120.5/resources/sap-ui-core-nojQuery.js:428:1630
ee@https://hcm41preview.sapsf.com/verp/vmod_v1/ui/sapui5-main/resources_1.120.5/resources/sap/ui/core/library-preload.js?eval:784:7586
j@https://hcm41preview.sapsf.com/verp/vmod_v1/ui/sapui5-main/resources_1.120.5/resources/sap/ui/core/library-preload.js?eval:784:5949
U.parseTemplatePromise@https://hcm41preview.sapsf.com/verp/vmod_v1/ui/sapui5-main/resources_1.120.5/resources/sap/ui/core/library-preload.js?eval:784:2933
init@https://hcm41preview.sapsf.com/verp/vmod_v1/ui/sapui5-main/resources_1.120.5/resources/sap/ui/core/library-preload.js?eval:574:6726
m.prototype._initCompositeSupport@https://hcm41preview.sapsf.com/verp/vmod_v1/ui/sapui5-main/resources_1.120.5/resources/sap/ui/core/library-preload.js?eval:574:1879
constructor/<@https://hcm41preview.sapsf.com/verp/vmod_v1/ui/sapui5-main/resources_1.120.5/resources/sap-ui-core-nojQuery.js:398:2741
constructor@https://hcm41preview.sapsf.com/verp/vmod_v1/ui/sapui5-main/resources_1.120.5/resources/sap-ui-core-nojQuery.js:398:2861
constructor@https://hcm41preview.sapsf.com/verp/vmod_v1/ui/sapui5-main/resources_1.120.5/resources/sap/ui/core/library-preload.js?eval:574:861
h/e<@https://hcm41preview.sapsf.com/verp/vmod_v1/ui/sapui5-main/resources_1.120.5/resources/sap/ui/core/library-preload.js?eval:784:19126
te@https://hcm41preview.sapsf.com/verp/vmod_v1/ui/sapui5-main/resources_1.120.5/resources/sap/ui/core/library-preload.js?eval:784:7722
h@https://hcm41preview.sapsf.com/verp/vmod_v1/ui/sapui5-main/resources_1.120.5/resources/sap/ui/core/library-preload.js?eval:784:19106
ae/<@https://hcm41preview.sapsf.com/verp/vmod_v1/ui/sapui5-main/resources_1.120.5/resources/sap/ui/core/library-preload.js?eval:784:19234
r.prototype.then/<@https://hcm41preview.sapsf.com/verp/vmod_v1/ui/sapui5-main/resources_1.120.5/resources/sap-ui-core-nojQuery.js:428:1652
e@https://hcm41preview.sapsf.com/verp/vmod_v1/ui/sapui5-main/resources_1.120.5/resources/sap-ui-core-nojQuery.js:428:233
r@https://hcm41preview.sapsf.com/verp/vmod_v1/ui/sapui5-main/resources_1.120.5/resources/sap-ui-core-nojQuery.js:428:1093
r.prototype.then@https://hcm41preview.sapsf.com/verp/vmod_v1/ui/sapui5-main/resources_1.120.5/resources/sap-ui-core-nojQuery.js:428:1630
ae@https://hcm41preview.sapsf.com/verp/vmod_v1/ui/sapui5-main/resources_1.120.5/resources/sap/ui/core/library-preload.js?eval:784:17562
ie@https://hcm41preview.sapsf.com/verp/vmod_v1/ui/sapui5-main/resources_1.120.5/resources/sap/ui/core/library-preload.js?eval:784:11925
re@https://hcm41preview.sapsf.com/verp/vmod_v1/ui/sapui5-main/resources_1.120.5/resources/sap/ui/core/library-preload.js?eval:784:10746
Y@https://hcm41preview.sapsf.com/verp/vmod_v1/ui/sapui5-main/resources_1.120.5/resources/sap/ui/core/library-preload.js?eval:784:16425
n@https://hcm41preview.sapsf.com/verp/vmod_v1/ui/sapui5-main/resources_1.120.5/resources/sap/ui/core/library-preload.js?eval:784:1919
Y@https://hcm41preview.sapsf.com/verp/vmod_v1/ui/sapui5-main/resources_1.120.5/resources/sap/ui/core/library-preload.js?eval:784:15835
n@https://hcm41preview.sapsf.com/verp/vmod_v1/ui/sapui5-main/resources_1.120.5/resources/sap/ui/core/library-preload.js?eval:784:1919
ae@https://hcm41preview.sapsf.com/verp/vmod_v1/ui/sapui5-main/resources_1.120.5/resources/sap/ui/core/library-preload.js?eval:784:17487
ie@https://hcm41preview.sapsf.com/verp/vmod_v1/ui/sapui5-main/resources_1.120.5/resources/sap/ui/core/library-preload.js?eval:784:11925
re@https://hcm41preview.sapsf.com/verp/vmod_v1/ui/sapui5-main/resources_1.120.5/resources/sap/ui/core/library-preload.js?eval:784:10746
Y@https://hcm41preview.sapsf.com/verp/vmod_v1/ui/sapui5-main/resources_1.120.5/resources/sap/ui/core/library-preload.js?eval:784:16425
n@https://hcm41preview.sapsf.com/verp/vmod_v1/ui/sapui5-main/resources_1.120.5/resources/sap/ui/core/library-preload.js?eval:784:1919
Y@https://hcm41preview.sapsf.com/verp/vmod_v1/ui/sapui5-main/resources_1.120.5/resources/sap/ui/core/library-preload.js?eval:784:15835
n@https://hcm41preview.sapsf.com/verp/vmod_v1/ui/sapui5-main/resources_1.120.5/resources/sap/ui/core/library-preload.js?eval:784:1919
ae@https://hcm41preview.sapsf.com/verp/vmod_v1/ui/sapui5-main/resources_1.120.5/resources/sap/ui/core/library-preload.js?eval:784:17487
ie@https://hcm41preview.sapsf.com/verp/vmod_v1/ui/sapui5-main/resources_1.120.5/resources/sap/ui/core/library-preload.js?eval:784:11925
re@https://hcm41preview.sapsf.com/verp/vmod_v1/ui/sapui5-main/resources_1.120.5/resources/sap/ui/core/library-preload.js?eval:784:10746
Y@https://hcm41preview.sapsf.com/verp/vmod_v1/ui/sapui5-main/resources_1.120.5/resources/sap/ui/core/library-preload.js?eval:784:16425
n@https://hcm41preview.sapsf.com/verp/vmod_v1/ui/sapui5-main/resources_1.120.5/resources/sap/ui/core/library-preload.js?eval:784:1919
Y@https://hcm41preview.sapsf.com/verp/vmod_v1/ui/sapui5-main/resources_1.120.5/resources/sap/ui/core/library-preload.js?eval:784:15835
n@https://hcm41preview.sapsf.com/verp/vmod_v1/ui/sapui5-main/resources_1.120.5/resources/sap/ui/core/library-preload.js?eval:784:1919
ae@https://hcm41preview.sapsf.com/verp/vmod_v1/ui/sapui5-main/resources_1.120.5/resources/sap/ui/core/library-preload.js?eval:784:17487
ie@https://hcm41preview.sapsf.com/verp/vmod_v1/ui/sapui5-main/resources_1.120.5/resources/sap/ui/core/library-preload.js?eval:784:11925
re@https://hcm41preview.sapsf.com/verp/vmod_v1/ui/sapui5-main/resources_1.120.5/resources/sap/ui/core/library-preload.js?eval:784:10746
Y@https://hcm41preview.sapsf.com/verp/vmod_v1/ui/sapui5-main/resources_1.120.5/resources/sap/ui/core/library-preload.js?eval:784:16425
n@https://hcm41preview.sapsf.com/verp/vmod_v1/ui/sapui5-main/resources_1.120.5/resources/sap/ui/core/library-preload.js?eval:784:1919
ae@https://hcm41preview.sapsf.com/verp/vmod_v1/ui/sapui5-main/resources_1.120.5/resources/sap/ui/core/library-preload.js?eval:784:17487
ee/D<@https://hcm41preview.sapsf.com/verp/vmod_v1/ui/sapui5-main/resources_1.120.5/resources/sap/ui/core/library-preload.js?eval:784:7405
r.prototype.then/<@https://hcm41preview.sapsf.com/verp/vmod_v1/ui/sapui5-main/resources_1.120.5/resources/sap-ui-core-nojQuery.js:428:1652
e@https://hcm41preview.sapsf.com/verp/vmod_v1/ui/sapui5-main/resources_1.120.5/resources/sap-ui-core-nojQuery.js:428:233
r@https://hcm41preview.sapsf.com/verp/vmod_v1/ui/sapui5-main/resources_1.120.5/resources/sap-ui-core-nojQuery.js:428:1093
r.prototype.then@https://hcm41preview.sapsf.com/verp/vmod_v1/ui/sapui5-main/resources_1.120.5/resources/sap-ui-core-nojQuery.js:428:1630
ee@https://hcm41preview.sapsf.com/verp/vmod_v1/ui/sapui5-main/resources_1.120.5/resources/sap/ui/core/library-preload.js?eval:784:7382
j@https://hcm41preview.sapsf.com/verp/vmod_v1/ui/sapui5-main/resources_1.120.5/resources/sap/ui/core/library-preload.js?eval:784:5949
U.parseTemplatePromise@https://hcm41preview.sapsf.com/verp/vmod_v1/ui/sapui5-main/resources_1.120.5/resources/sap/ui/core/library-preload.js?eval:784:2933
U.parseTemplate@https://hcm41preview.sapsf.com/verp/vmod_v1/ui/sapui5-main/resources_1.120.5/resources/sap/ui/core/library-preload.js?eval:784:2830
y.runWithPreprocessors@https://hcm41preview.sapsf.com/verp/vmod_v1/ui/sapui5-main/resources_1.120.5/resources/sap-ui-core-nojQuery.js:398:4511
r@https://hcm41preview.sapsf.com/verp/vmod_v1/ui/sapui5-main/resources_1.120.5/resources/sap/ui/core/library-preload.js?eval:1141:7411
b.prototype.onControllerConnected@https://hcm41preview.sapsf.com/verp/vmod_v1/ui/sapui5-main/resources_1.120.5/resources/sap/ui/core/library-preload.js?eval:1141:7515
u@https://hcm41preview.sapsf.com/verp/vmod_v1/ui/sapui5-main/resources_1.120.5/resources/sap/ui/core/library-preload.js?eval:1123:5407
d.prototype._initCompositeSupport@https://hcm41preview.sapsf.com/verp/vmod_v1/ui/sapui5-main/resources_1.120.5/resources/sap/ui/core/library-preload.js?eval:1123:5883
constructor/<@https://hcm41preview.sapsf.com/verp/vmod_v1/ui/sapui5-main/resources_1.120.5/resources/sap-ui-core-nojQuery.js:398:2741
constructor@https://hcm41preview.sapsf.com/verp/vmod_v1/ui/sapui5-main/resources_1.120.5/resources/sap-ui-core-nojQuery.js:398:2861
constructor@https://hcm41preview.sapsf.com/verp/vmod_v1/ui/sapui5-main/resources_1.120.5/resources/sap-ui-core-nojQuery.js:482:1195
constructor@https://hcm41preview.sapsf.com/verp/vmod_v1/ui/sapui5-main/resources_1.120.5/resources/sap/ui/core/library-preload.js?eval:544:1081
c@https://hcm41preview.sapsf.com/verp/vmod_v1/ui/sapui5-main/resources_1.120.5/resources/sap-ui-core-nojQuery.js:416:4419
c@https://hcm41preview.sapsf.com/verp/vmod_v1/ui/sapui5-main/resources_1.120.5/resources/sap-ui-core-nojQuery.js:416:4419
I@https://hcm41preview.sapsf.com/verp/vmod_v1/ui/sapui5-main/resources_1.120.5/resources/sap/ui/core/library-preload.js?eval:1123:11828
b@https://hcm41preview.sapsf.com/verp/vmod_v1/ui/sapui5-main/resources_1.120.5/resources/sap/ui/core/library-preload.js?eval:1123:10971
t@https://hcm41preview.sapsf.com/verp/vmod_v1/ui/sapui5-main/resources_1.120.5/resources/sap/ui/core/library-preload.js?eval:1267:204
y.runWithOwner@https://hcm41preview.sapsf.com/verp/vmod_v1/ui/sapui5-main/resources_1.120.5/resources/sap-ui-core-nojQuery.js:398:4722
k.prototype.runAsOwner@https://hcm41preview.sapsf.com/verp/vmod_v1/ui/sapui5-main/resources_1.120.5/resources/sap-ui-core-nojQuery.js:446:5141
_getObjectWithGlobalId@https://hcm41preview.sapsf.com/verp/vmod_v1/ui/sapui5-main/resources_1.120.5/resources/sap/ui/core/library-preload.js?eval:1267:349
_getViewWithGlobalId@https://hcm41preview.sapsf.com/verp/vmod_v1/ui/sapui5-main/resources_1.120.5/resources/sap/ui/core/library-preload.js?eval:1267:615
_getView@https://hcm41preview.sapsf.com/verp/vmod_v1/ui/sapui5-main/resources_1.120.5/resources/sap/ui/core/library-preload.js?eval:1213:2576
_get@https://hcm41preview.sapsf.com/verp/vmod_v1/ui/sapui5-main/resources_1.120.5/resources/sap/ui/core/library-preload.js?eval:1213:2341
_place@https://hcm41preview.sapsf.com/verp/vmod_v1/ui/sapui5-main/resources_1.120.5/resources/sap/ui/core/library-preload.js?eval:1261:1024
_place@https://hcm41preview.sapsf.com/verp/vmod_v1/ui/sapui5-main/resources_1.120.5/resources/sap/m/library-preload.js?eval:3304:127
display@https://hcm41preview.sapsf.com/verp/vmod_v1/ui/sapui5-main/resources_1.120.5/resources/sap/ui/core/library-preload.js?eval:1261:209
_displaySingleTarget@https://hcm41preview.sapsf.com/verp/vmod_v1/ui/sapui5-main/resources_1.120.5/resources/sap/ui/core/library-preload.js?eval:1273:416
_displaySingleTarget@https://hcm41preview.sapsf.com/verp/vmod_v1/ui/sapui5-main/resources_1.120.5/resources/sap/m/library-preload.js?eval:3310:534
_display@https://hcm41preview.sapsf.com/verp/vmod_v1/ui/sapui5-main/resources_1.120.5/resources/sap/ui/core/library-preload.js?eval:1273:298
_display@https://hcm41preview.sapsf.com/verp/vmod_v1/ui/sapui5-main/resources_1.120.5/resources/sap/m/library-preload.js?eval:3310:169
_routeMatched@https://hcm41preview.sapsf.com/verp/vmod_v1/ui/sapui5-main/resources_1.120.5/resources/sap/ui/core/library-preload.js?eval:1255:1090
constructor/</<@https://hcm41preview.sapsf.com/verp/vmod_v1/ui/sapui5-main/resources_1.120.5/resources/sap/ui/core/library-preload.js?eval:1189:1710
execute@https://hcm41preview.sapsf.com/verp/vmod_v1/ui/sapui5-main/resources_1.120.5/resources/sap/ui/core/library-preload.js?eval:2628:272
dispatch@https://hcm41preview.sapsf.com/verp/vmod_v1/ui/sapui5-main/resources_1.120.5/resources/sap/ui/core/library-preload.js?eval:2628:2705

JavaScript error: https://hcm41preview.sapsf.com/verp/vmod_v1/ui/sapui5-main/resources_1.120.5/resources/sap-ui-core-nojQuery.js line 10 > eval, line 724: TypeError: document.location is null
Marionette threw an error: TypeError: browsingContext.currentWindowGlobal is null
getMarionetteCommandsActorProxy/get/<@chrome://remote/content/marionette/actors/MarionetteCommandsParent.sys.mjs:357:17
observe@resource://gre/modules/AsyncShutdown.sys.mjs:569:17

console.error: "Marionette threw an error: TypeError: browsingContext.currentWindowGlobal is null\ngetMarionetteCommandsActorProxy/get/<@chrome://remote/content/marionette/actors/MarionetteCommandsParent.sys.mjs:357:17\nobserve@resource://gre/modules/AsyncShutdown.sys.mjs:569:17\n"
1719229375290	Marionette	INFO	Stopped listening on port 64175
Dynamically enable window occlusion 1
1719229397700	geckodriver	INFO	Listening on 127.0.0.1:64257
1719229400751	mozrunner::runner	INFO	Running command: "C:\\Program Files\\Mozilla Firefox\\firefox.exe" "--marionette" "--remote-debugging-port" "64258" "--remote-allow-hosts" "localhost" "-no-remote" "-profile" "C:\\Users\\SAMEER~1\\AppData\\Local\\Temp\\rust_mozprofileEa8hHY"
console.warn: services.settings: Ignoring preference override of remote settings server
console.warn: services.settings: Allow by setting MOZ_REMOTE_SETTINGS_DEVTOOLS=1 in the environment
Dynamically enable window occlusion 0
1719229401113	Marionette	INFO	Marionette enabled
1719229401261	Marionette	INFO	Listening on port 64276
WebDriver BiDi listening on ws://127.0.0.1:64258
Read port: 64276
1719229401506	RemoteAgent	WARN	TLS certificate errors will be ignored for this session
DevTools listening on ws://127.0.0.1:64258/devtools/browser/6aa60dc7-64d1-477d-ad92-ec99ccc42089
console.warn: LoginRecipes: "Falling back to a synchronous message for: https://hcm41preview.sapsf.com."
JavaScript error: https://hcm41preview.sapsf.com/verp/vmod_v1/ui/sapui5-bundles-main/resources_1.120.5-10/common-0.js, line 8: ModuleError: Failed to resolve dependencies of 'sap/sf/adminhomepage/admintools/AdminToolsPortlet.view.js'
 -> 'sap/sf/surj/shell/controls/SearchInput.js'
  -> 'sap/sf/surj/shell/controls/SearchResult.js'
   -> 'sap/sf/surj/shell/controls/UserPhoto.js': failed to execute module factory for ''sap/sf/surj/shell/controls/UserPhoto.js'': sap.sf.surj.shell.controls.UserPhotoSrc is not a defined type
1719229431192	addons.xpi	ERROR	System addon update list error SyntaxError: XMLHttpRequest.open: 'http://%(server)s/dummy-system-addons.xml' is not a valid URL.
1719229454743	Marionette	WARN	TimedPromise timed out after 500 ms: stacktrace:
TimedPromise/<@chrome://remote/content/marionette/sync.sys.mjs:219:24
TimedPromise@chrome://remote/content/marionette/sync.sys.mjs:203:10
interaction.flushEventLoop@chrome://remote/content/marionette/interaction.sys.mjs:467:10
webdriverClickElement@chrome://remote/content/marionette/interaction.sys.mjs:220:33
1719229465709	Marionette	WARN	TimedPromise timed out after 500 ms: stacktrace:
TimedPromise/<@chrome://remote/content/marionette/sync.sys.mjs:219:24
TimedPromise@chrome://remote/content/marionette/sync.sys.mjs:203:10
interaction.flushEventLoop@chrome://remote/content/marionette/interaction.sys.mjs:467:10
webdriverClickElement@chrome://remote/content/marionette/interaction.sys.mjs:220:33
1719230985747	Marionette	INFO	Stopped listening on port 64276
Dynamically enable window occlusion 1
ng command: "C:\\Program Files\\Mozilla Firefox\\firefox.exe" "--marionette" "--remote-debugging-port" "64377" "--remote-allow-hosts" "localhost" "-no-remote" "-profile" "C:\\Users\\SAMEER~1\\AppData\\Local\\Temp\\rust_mozprofile8KqAJg"
console.warn: services.settings: Ignoring preference override of remote settings server
console.warn: services.settings: Allow by setting MOZ_REMOTE_SETTINGS_DEVTOOLS=1 in the environment
Dynamically enable window occlusion 0
1719229546378	Marionette	INFO	Marionette enabled
1719229546507	Marionette	INFO	Listening on port 64394
WebDriver BiDi listening on ws://127.0.0.1:64377
Read port: 64394
1719229546752	RemoteAgent	WARN	TLS certificate errors will be ignored for this session
DevTools listening on ws://127.0.0.1:64377/devtools/browser/6f63489f-ba01-4b13-b398-1aea1888e487
console.warn: LoginRecipes: "Falling back to a synchronous message for: https://hcm41preview.sapsf.com."
1719229577170	addons.xpi	ERROR	System addon update list error SyntaxError: XMLHttpRequest.open: 'http://%(server)s/dummy-system-addons.xml' is not a valid URL.
1719229609711	Marionette	WARN	TimedPromise timed out after 500 ms: stacktrace:
TimedPromise/<@chrome://remote/content/marionette/sync.sys.mjs:219:24
TimedPromise@chrome://remote/content/marionette/sync.sys.mjs:203:10
interaction.flushEventLoop@chrome://remote/content/marionette/interaction.sys.mjs:467:10
webdriverClickElement@chrome://remote/content/marionette/interaction.sys.mjs:220:33
1719229621719	Marionette	WARN	TimedPromise timed out after 500 ms: stacktrace:
TimedPromise/<@chrome://remote/content/marionette/sync.sys.mjs:219:24
TimedPromise@chrome://remote/content/marionette/sync.sys.mjs:203:10
interaction.flushEventLoop@chrome://remote/content/marionette/interaction.sys.mjs:467:10
webdriverClickElement@chrome://remote/content/marionette/interaction.sys.mjs:220:33
1719230986392	Marionette	INFO	Stopped listening on port 64394
Dynamically enable window occlusion 1
ng command: "C:\\Program Files\\Mozilla Firefox\\firefox.exe" "--marionette" "--remote-debugging-port" "64511" "--remote-allow-hosts" "localhost" "-no-remote" "-profile" "C:\\Users\\SAMEER~1\\AppData\\Local\\Temp\\rust_mozprofiler8D75q"
console.warn: services.settings: Ignoring preference override of remote settings server
console.warn: services.settings: Allow by setting MOZ_REMOTE_SETTINGS_DEVTOOLS=1 in the environment
Dynamically enable window occlusion 0
1719229690220	Marionette	INFO	Marionette enabled
1719229690371	Marionette	INFO	Listening on port 64530
WebDriver BiDi listening on ws://127.0.0.1:64511
Read port: 64530
1719229690656	RemoteAgent	WARN	TLS certificate errors will be ignored for this session
DevTools listening on ws://127.0.0.1:64511/devtools/browser/72076637-6d02-4402-9219-3aa3640c6951
console.warn: LoginRecipes: "Falling back to a synchronous message for: https://hcm41preview.sapsf.com."
1719229720435	addons.xpi	ERROR	System addon update list error SyntaxError: XMLHttpRequest.open: 'http://%(server)s/dummy-system-addons.xml' is not a valid URL.
1719229736517	Marionette	WARN	TimedPromise timed out after 500 ms: stacktrace:
TimedPromise/<@chrome://remote/content/marionette/sync.sys.mjs:219:24
TimedPromise@chrome://remote/content/marionette/sync.sys.mjs:203:10
interaction.flushEventLoop@chrome://remote/content/marionette/interaction.sys.mjs:467:10
webdriverClickElement@chrome://remote/content/marionette/interaction.sys.mjs:220:33
1719229743607	Marionette	WARN	TimedPromise timed out after 500 ms: stacktrace:
TimedPromise/<@chrome://remote/content/marionette/sync.sys.mjs:219:24
TimedPromise@chrome://remote/content/marionette/sync.sys.mjs:203:10
interaction.flushEventLoop@chrome://remote/content/marionette/interaction.sys.mjs:467:10
webdriverClickElement@chrome://remote/content/marionette/interaction.sys.mjs:220:33
1719229755119	Marionette	WARN	TimedPromise timed out after 500 ms: stacktrace:
TimedPromise/<@chrome://remote/content/marionette/sync.sys.mjs:219:24
TimedPromise@chrome://remote/content/marionette/sync.sys.mjs:203:10
interaction.flushEventLoop@chrome://remote/content/marionette/interaction.sys.mjs:467:10
webdriverClickElement@chrome://remote/content/marionette/interaction.sys.mjs:220:33
1719230987191	Marionette	INFO	Stopped listening on port 64530
Dynamically enable window occlusion 1
ng command: "C:\\Program Files\\Mozilla Firefox\\firefox.exe" "--marionette" "--remote-debugging-port" "64596" "--remote-allow-hosts" "localhost" "-no-remote" "-profile" "C:\\Users\\SAMEER~1\\AppData\\Local\\Temp\\rust_mozprofilethgRwY"
console.warn: services.settings: Ignoring preference override of remote settings server
console.warn: services.settings: Allow by setting MOZ_REMOTE_SETTINGS_DEVTOOLS=1 in the environment
Dynamically enable window occlusion 0
1719229810169	Marionette	INFO	Marionette enabled
1719229810316	Marionette	INFO	Listening on port 64615
WebDriver BiDi listening on ws://127.0.0.1:64596
Read port: 64615
1719229810574	RemoteAgent	WARN	TLS certificate errors will be ignored for this session
DevTools listening on ws://127.0.0.1:64596/devtools/browser/3bab6491-3295-4083-9190-88aff1870814
console.warn: LoginRecipes: "Falling back to a synchronous message for: https://hcm41preview.sapsf.com."
JavaScript error: , line 0: uncaught exception: Object
JavaScript error: , line 0: TypeError: NetworkError when attempting to fetch resource.
JavaScript error: , line 0: TypeError: NetworkError when attempting to fetch resource.
JavaScript error: , line 0: TypeError: NetworkError when attempting to fetch resource.
JavaScript error: , line 0: TypeError: NetworkError when attempting to fetch resource.
JavaScript error: , line 0: TypeError: NetworkError when attempting to fetch resource.
JavaScript error: , line 0: TypeError: NetworkError when attempting to fetch resource.
JavaScript error: , line 0: TypeError: NetworkError when attempting to fetch resource.
JavaScript error: , line 0: TypeError: NetworkError when attempting to fetch resource.
JavaScript error: , line 0: TypeError: NetworkError when attempting to fetch resource.
JavaScript error: , line 0: TypeError: NetworkError when attempting to fetch resource.
JavaScript error: , line 0: TypeError: NetworkError when attempting to fetch resource.
JavaScript error: , line 0: TypeError: NetworkError when attempting to fetch resource.
JavaScript error: , line 0: TypeError: NetworkError when attempting to fetch resource.
JavaScript error: , line 0: TypeError: NetworkError when attempting to fetch resource.
JavaScript error: , line 0: TypeError: NetworkError when attempting to fetch resource.
JavaScript error: , line 0: TypeError: NetworkError when attempting to fetch resource.
JavaScript error: , line 0: TypeError: NetworkError when attempting to fetch resource.
JavaScript error: , line 0: TypeError: NetworkError when attempting to fetch resource.
JavaScript error: , line 0: TypeError: NetworkError when attempting to fetch resource.
1719229840209	addons.xpi	ERROR	System addon update list error SyntaxError: XMLHttpRequest.open: 'http://%(server)s/dummy-system-addons.xml' is not a valid URL.
JavaScript warning: https://hcm41preview.sapsf.com/verp/vmod_v1/ui/ajaxservice/js/engine_39685afe0d8a211affe849073ef54a77.js, line 1: Script terminated by timeout at:
dwr.engine._unloader@https://hcm41preview.sapsf.com/verp/vmod_v1/ui/ajaxservice/js/engine_39685afe0d8a211affe849073ef54a77.js:1:19586

1719230988460	Marionette	INFO	Stopped listening on port 64615
Dynamically enable window occlusion 1
ote settings server
console.warn: services.settings: Allow by setting MOZ_REMOTE_SETTINGS_DEVTOOLS=1 in the environment
Dynamically enable window occlusion 0
1719230254712	Marionette	INFO	Marionette enabled
1719230254850	Marionette	INFO	Listening on port 64831
WebDriver BiDi listening on ws://127.0.0.1:64814
Read port: 64831
1719230255067	RemoteAgent	WARN	TLS certificate errors will be ignored for this session
DevTools listening on ws://127.0.0.1:64814/devtools/browser/4f072a00-061a-4be7-afe8-f2549d2f1a3f
console.warn: LoginRecipes: "Falling back to a synchronous message for: https://hcm41preview.sapsf.com."
JavaScript error: https://hcm41preview.sapsf.com/verp/vmod_v1/ui/perflog-lib/resources_1.0.21/perflog-lib.min.js, line 1: TypeError: error loading dynamically imported module: https://hcm41preview.sapsf.com/verp/vmod_v1/ui/shellbar/resources_2.14.3/dist/resources/OpenUI5Support-cec5697b.js
1719230284892	addons.xpi	ERROR	System addon update list error SyntaxError: XMLHttpRequest.open: 'http://%(server)s/dummy-system-addons.xml' is not a valid URL.
JavaScript warning: https://hcm41preview.sapsf.com/verp/vmod_v1/ui/ajaxservice/js/engine_39685afe0d8a211affe849073ef54a77.js, line 1: Script terminated by timeout at:
dwr.engine._unloader@https://hcm41preview.sapsf.com/verp/vmod_v1/ui/ajaxservice/js/engine_39685afe0d8a211affe849073ef54a77.js:1:19586

1719230289169	Marionette	INFO	Stopped listening on port 64831
Dynamically enable window occlusion 1
